11:51:57.028 -> AskSin++ v5.0.0 (Feb  1 2022 11:51:25)
11:51:57.028 -> clearing circular buffer of size 360
11:51:57.028 -> SHT75 found
11:51:57.028 -> Sensor setup done
11:51:57.028 -> Serial: SHT75SENS1
11:51:57.028 -> Clock is SYSCLOCK
11:51:57.028 -> SYSCLOCK correction factor                                                               : 0.9440000534
11:51:57.028 -> Address Space: 32 - 79
11:51:57.028 -> CC init1
11:51:57.028 -> CC Version: 14
11:51:57.160 ->  - ready
11:51:57.169 -> tmBattery Voltage: 3293
11:51:57.193 -> Battery set low:  24
11:51:57.193 -> Battery set crit: 20
11:51:57.193 -> Config Changed: List0
11:51:57.193 -> ledMode: 1
11:51:57.193 -> lowBatLimit: 24
11:51:57.193 -> Battery set low:  24
11:51:57.193 -> transmitDevTryMax: 6
11:51:57.193 -> updCycle: 240
11:51:57.193 -> txPower: 7
11:51:57.193 -> * Config Changed                                 : List1
11:51:57.193 -> * Temperature Offset x10                         : 0
11:51:57.193 -> * Humidity Offset x10                            : 0
11:51:57.193 -> clearing circular buffer of size 360
11:51:57.193 -> SHT75 found
11:52:03.019 -> 0.7138888835
11:52:03.019 -> SHT75    Temperature x10  : 257
11:52:03.019 -> SHT75    Humidity    x10  : 279
11:52:03.051 -> SHT75    24h MA -T  x100  : 7
11:52:03.051 -> MA T (x100) = 7 
11:52:03.084 -> tmBattery Voltage: 3312
11:52:03.117 -> battery voltage x1000 = 3312
11:52:03.117 -> <- 11 01 84 70 F60301 000000 01 01 01 17 0C F0 00 07  - 647
11:52:10.613 ->  debounce
11:52:10.712 ->  pressed
11:52:10.812 ->  released
11:52:10.845 -> <- 1A 02 84 00 F60301 000000 11 F6 0A 53 48 54 37 35 53 45 4E 53 31 70 01 01 01  - 712
11:52:10.845 -> 
11:52:11.043 -> -> 10 01 A0 01 123456 F60301 00 05 00 00 00 00 00  - 901
11:52:11.144 -> <- 0A 01 80 02 F60301 123456 00  - 1024
11:52:11.176 -> -> 13 0A A0 01 123456 F60301 00 08 02 01 0A 19 0B 57 0C 4D  - 1062
11:52:11.309 -> <- 0A 0A 80 02 F60301 123456 00  - 1183
11:52:11.375 -> -> 0B 13 A0 01 123456 F60301 00 06  - 1212
11:52:11.375 -> Config Changed: List0
11:52:11.375 -> ledMode: 1
11:52:11.375 -> lowBatLimit: 24
11:52:11.375 -> Battery set low:  24
11:52:11.375 -> transmitDevTryMax: 6
11:52:11.375 -> updCycle: 240
11:52:11.375 -> txPower: 7
11:52:11.468 -> <- 0A 13 82 02 F60301 123456 00  - 1333
11:52:11.488 -> -> 10 1C A0 01 123456 F60301 00 04 00 00 00 00 00  - 1372
11:52:11.640 -> <- 1A 1C A0 10 F60301 123456 02 0A 19 0B 57 0C 4D 05 40 12 18 14 06 20 00 21 F0  - 1509
11:52:11.740 -> -> 0A 1C 80 02 123456 F60301 00  - 1624
11:52:11.773 -> waitAck: 01
11:52:11.773 -> <- 0E 1C 80 10 F60301 123456 02 24 07 00 00  - 1658
11:52:11.839 -> -> 10 25 A0 01 123456 F60301 01 04 00 00 00 00 01  - 1693
11:52:11.971 -> <- 1A 25 A0 10 F60301 123456 02 01 00 02 00 03 00 04 00 05 00 06 00 07 00 08 00  - 1828
11:52:12.122 -> -> 0A 25 80 02 123456 F60301 00  - 1943
11:52:12.122 -> waitAck: 01
11:52:12.122 -> <- 0C 25 80 10 F60301 123456 02 00 00  - 1976
11:52:12.122 -> -> 0B 2E A0 01 123456 F60301 01 03  - 2004
11:52:12.255 -> <- 0E 2E 80 10 F60301 123456 01 00 00 00 00  - 2127
11:52:15.846 -> ignore 0C 03 86 70 4BE68C 000000 00 33 57  - 5722
11:52:17.540 -> ignore 0C 1B 86 70 341AEB 000000 00 C1 2F  - 7389
11:52:22.999 -> ignore 13 12 00 83 3E3395 F00001 11 9B 52 2C 2D 66 D2 EB 3C B2  - 12820
11:54:33.771 ->  debounce
11:54:33.871 ->  pressed
11:54:33.904 ->  released
11:54:33.937 -> <- 1A 03 80 00 F60301 123456 11 F6 0A 53 48 54 37 35 53 45 4E 53 31 70 01 01 01  - 20762
11:54:33.970 -> 
11:54:34.003 -> Packet too big: 39
11:54:34.070 -> -> 0A 03 81 02 123456 F60301 00  - 20879
11:54:34.103 -> -> 10 0C A0 01 123456 F60301 00 05 00 00 00 00 00  - 20910
11:54:34.203 -> <- 0A 0C 80 02 F60301 123456 00  - 21032
11:54:34.203 -> ignore 14 10 00 8E B53A7C 3AE683 11 E0 72 F8 B9 AB 6F 4F 72 75 91  - 21041
11:54:34.236 -> -> 0D 15 A0 01 123456 F60301 00 08 24 03  - 21065
11:54:34.368 -> <- 0A 15 80 02 F60301 123456 00  - 21182
11:54:34.434 -> -> 0B 1E A0 01 123456 F60301 00 06  - 21213
11:54:34.434 -> Config Changed: List0
11:54:34.434 -> ledMode: 1
11:54:34.434 -> lowBatLimit: 24
11:54:34.434 -> Battery set low:  24
11:54:34.434 -> transmitDevTryMax: 6
11:54:34.434 -> updCycle: 240
11:54:34.434 -> txPower: 3
11:54:34.535 -> <- 0A 1E 82 02 F60301 123456 00  - 21334
11:54:38.822 -> ignore 0F B7 86 10 67F020 000000 0A B0 E6 0E 57 00  - 25622
11:54:51.156 -> ignore 0C D5 86 70 585B37 000000 00 32 56  - 37933
11:55:54.076 -> 1.3694444894
11:55:54.076 -> SHT75    Temperature x10  : 236
11:55:54.076 -> SHT75    Humidity    x10  : 304
11:55:54.076 -> SHT75    24h MA -T  x100  : 14
11:55:54.076 -> MA T (x100) = 14 
11:55:54.124 -> tmBattery Voltage: 3413
11:55:54.124 -> battery voltage x1000 = 3413
11:55:54.124 -> <- 11 04 84 70 F60301 000000 00 EC 01 30 0D 55 00 0E  - 41166
 
