
make_all.bsh -run2 Version 0.11


AsksinPP addon script generator 0.95



The specified XML control file name is :  'AsksinPP_addon_generator_control_file.xml'
XML control file : AsksinPP_addon_generator_control_file.xml

addon name                     : hb-ep-devices-addon
addon version                  : 1.8
creator                        : ewald
creator prefix                 : F6
created_on                     : 2021_08_25-12:36:24
extract_rftypes_XML version    : 0.13
install script name    : install_hb-ep-devices-addon
uninstall script name  : uninstall_hb-ep-devices-addon


.. creating install script 'install_hb-ep-devices-addon' ..



.. working on device 'HB-UNI-SENSOR-TH-SHT75' ..


device name            : HB-UNI-Sensor-TH-SHT75
device description     : Sensor TH
small case device name : hb-uni-sensor-TH-SHT75
XML version            : 0x10
index                  : 0

.. working on device 'HB-UNI-SENSOR-THPD-BME280' ..


device name            : HB-UNI-Sensor-THPD-BME280
device description     : Sensor THPD
small case device name : hb-uni-sensor-THPD-BME280
XML version            : 0x10
index                  : 1

.. working on device 'HB-UNI-SENSOR-RAD-AL53' ..


device name            : HB-UNI-Sensor-RAD-AL53
device description     : Radioaktivitätssensor
small case device name : hb-uni-sensor-RAD-AL53
XML version            : 0x10
index                  : 2

.. working on device 'HB-UNI-SENSOR-CO2-SCD30' ..


device name            : HB-UNI-Sensor-CO2-SCD30
device description     : Sensor Kohlendioxid
small case device name : hb-uni-sensor-CO2-SCD30
XML version            : 0x10
index                  : 3

.. working on device 'HB-UNI-SENSOR-CO2-SCD30-PLUGGED_IN' ..


device name            : HB-UNI-Sensor-CO2-SCD30-PLUGGED_IN
device description     : Sensor Kohlendioxid Netzbetrieb
small case device name : hb-uni-sensor-CO2-SCD30-PLUGGED_IN
XML version            : 0x10
index                  : 4

.. working on device 'HB-UNI-SENSOR-AQ-BME680' ..


device name            : HB-UNI-Sensor-AQ-BME680
device description     : universeller Luftgütesensor
small case device name : hb-uni-sensor-AQ-BME680
XML version            : 0x10
index                  : 5

.. working on device 'HB-UNI-SENSOR-AQ-BME680_KF' ..


device name            : HB-UNI-Sensor-AQ-BME680_KF
device description     : universeller Luftgütesensor mit Kalman Filter
small case device name : hb-uni-sensor-AQ-BME680_KF
XML version            : 0x10
index                  : 6

.. working on device 'HB-UNI-SENSOR-AQ-BME680_KF_DEBUG' ..


device name            : HB-UNI-Sensor-AQ-BME680_KF_DEBUG
device description     : universeller Luftgütesensor mit Kalman Filter (Debug Version)
small case device name : hb-uni-sensor-AQ-BME680_KF_DEBUG
XML version            : 0x10
index                  : 7


.. working on paramset 'MASTER' 'HB-UNI-Sensor-AQ-BME680_KF_DEBUG_dev_master' .. 

 
index                  : 8
parameter id           : TRANSMIT_TIME_INTERVAL
paramset type          : MASTER
paramset id            : HB-UNI-Sensor-AQ-BME680_KF_DEBUG_dev_master
translated_string      : Sendeintervall
stringtable_identifier : stringTableHB_F6_TRANSMIT_TIME_INTERVAL


.. working on paramset 'MASTER' 'HB-UNI-Sensor-AQ-BME680_KF_DEBUG_dev_master' .. 

 
index                  : 9
parameter id           : ALTITUDE_ABOVE_SEA_LEVEL
paramset type          : MASTER
paramset id            : HB-UNI-Sensor-AQ-BME680_KF_DEBUG_dev_master
translated_string      : H%F6he%20%FCber%20NN
stringtable_identifier : stringTableHB_F6_ALTITUDE_ABOVE_SEA_LEVEL


.. working on channel 'WEATHER' .. 

 
index                  : 10
parameter id           : DEWPOINT
paramset type          : VALUES
paramset id            : HB-UNI-Sensor-THPD-BME280_values
channel                : WEATHER
translated_string      : Taupunkttemperatur
stringtable_identifier : stringTableHB_F6_DEWPOINT


.. working on channel 'WEATHER' .. 

 
index                  : 11
parameter id           : VAPOR_CONCENTRATION
paramset type          : VALUES
paramset id            : HB-UNI-Sensor-THPD-BME280_values
channel                : WEATHER
translated_string      : absolute%20Luftfeuchte
stringtable_identifier : stringTableHB_F6_VAPOR_CONCENTRATION


.. working on channel 'WEATHER' .. 

 
index                  : 12
parameter id           : ACCUMULATOR_VOLTAGE
paramset type          : VALUES
paramset id            : HB-UNI-Sensor-CO2-SCD30_values
channel                : WEATHER
translated_string      : Akkumulatorbatteriespannung
stringtable_identifier : stringTableHB_F6_ACCUMULATOR_VOLTAGE


.. working on channel 'WEATHER' .. 

 
index                  : 13
parameter id           : VCC_VOLTAGE
paramset type          : VALUES
paramset id            : HB-UNI-Sensor-CO2-SCD30_values
channel                : WEATHER
translated_string      : VCC%20Spannung
stringtable_identifier : stringTableHB_F6_VCC_VOLTAGE


.. working on channel 'WEATHER' .. 

 
index                  : 14
parameter id           : CO2
paramset type          : VALUES
paramset id            : HB-UNI-Sensor-CO2-SCD30-PLUGGED_IN_values
channel                : WEATHER
translated_string      : CO2%20Konzentration
stringtable_identifier : stringTableHB_F6_CO2


.. working on channel 'WEATHER' .. 

 
index                  : 15
parameter id           : mlr_alpha
paramset type          : MASTER
paramset id            : HB-UNI-Sensor-AQ-BME680_master
channel                : WEATHER
translated_string      : Regressionskoeffizent%20alpha%20%28f%FCr%20Temperatur%29
stringtable_identifier : stringTableHB_F6_mlr_alpha


.. working on channel 'WEATHER' .. 

 
index                  : 16
parameter id           : mlr_beta
paramset type          : MASTER
paramset id            : HB-UNI-Sensor-AQ-BME680_master
channel                : WEATHER
translated_string      : Regressionskoeffizent%20beta%20%28f%FCr%20absolute%20Feuchte%29
stringtable_identifier : stringTableHB_F6_mlr_beta


.. working on channel 'WEATHER' .. 

 
index                  : 17
parameter id           : mlr_delta
paramset type          : MASTER
paramset id            : HB-UNI-Sensor-AQ-BME680_master
channel                : WEATHER
translated_string      : Regressionskoeffizent%20delta%20%28Achsenabschnitt%29
stringtable_identifier : stringTableHB_F6_mlr_delta


.. working on channel 'WEATHER' .. 

 
index                  : 18
parameter id           : AIR_PRESSURE
paramset type          : VALUES
paramset id            : HB-UNI-Sensor-AQ-BME680_KF_values
channel                : WEATHER
translated_string      : Luftdruck
stringtable_identifier : stringTableHB_F6_AIR_PRESSURE


.. working on channel 'WEATHER' .. 

 
index                  : 19
parameter id           : MY_HUMIDITY
paramset type          : VALUES
paramset id            : HB-UNI-Sensor-AQ-BME680_KF_values
channel                : WEATHER
translated_string      : Rel.%20Luftfeuchtigkeit
stringtable_identifier : stringTableHB_F6_MY_HUMIDITY


.. working on channel 'WEATHER' .. 

 
index                  : 20
parameter id           : AQ_GAS_RESISTANCE_RAW
paramset type          : VALUES
paramset id            : HB-UNI-Sensor-AQ-BME680_KF_values
channel                : WEATHER
translated_string      : Gaswiderstand
stringtable_identifier : stringTableHB_F6_AQ_GAS_RESISTANCE_RAW


.. working on channel 'WEATHER' .. 

 
index                  : 21
parameter id           : AQ_GAS_RESISTANCE_MAX
paramset type          : VALUES
paramset id            : HB-UNI-Sensor-AQ-BME680_KF_values
channel                : WEATHER
translated_string      : max%20Gaswiderstand
stringtable_identifier : stringTableHB_F6_AQ_GAS_RESISTANCE_MAX


.. working on channel 'WEATHER' .. 

 
index                  : 22
parameter id           : AQ_GAS_RESISTANCE_MIN
paramset type          : VALUES
paramset id            : HB-UNI-Sensor-AQ-BME680_KF_values
channel                : WEATHER
translated_string      : min%20Gaswiderstand
stringtable_identifier : stringTableHB_F6_AQ_GAS_RESISTANCE_MIN


.. working on channel 'WEATHER' .. 

 
index                  : 23
parameter id           : TemperatureOffset
paramset type          : MASTER
paramset id            : HB-UNI-Sensor-AQ-BME680_KF_DEBUG_master
channel                : WEATHER
translated_string      : Temperaturoffset
stringtable_identifier : stringTableHB_F6_TemperatureOffset


.. working on channel 'WEATHER' .. 

 
index                  : 24
parameter id           : HumidityOffset
paramset type          : MASTER
paramset id            : HB-UNI-Sensor-AQ-BME680_KF_DEBUG_master
channel                : WEATHER
translated_string      : Luftfeuchtigkeitsoffset
stringtable_identifier : stringTableHB_F6_HumidityOffset


.. working on channel 'WEATHER' .. 

 
index                  : 25
parameter id           : PressureOffset
paramset type          : MASTER
paramset id            : HB-UNI-Sensor-AQ-BME680_KF_DEBUG_master
channel                : WEATHER
translated_string      : Luftdruckoffset
stringtable_identifier : stringTableHB_F6_PressureOffset


.. working on channel 'WEATHER' .. 

 
index                  : 26
parameter id           : max_decay_factor_upper_limit
paramset type          : MASTER
paramset id            : HB-UNI-Sensor-AQ-BME680_KF_DEBUG_master
channel                : WEATHER
translated_string      : relative%20untere%20Schwelle%20der%20Abklingfunktion
stringtable_identifier : stringTableHB_F6_max_decay_factor_upper_limit


.. working on channel 'WEATHER' .. 

 
index                  : 27
parameter id           : max_increase_factor_lower_limit
paramset type          : MASTER
paramset id            : HB-UNI-Sensor-AQ-BME680_KF_DEBUG_master
channel                : WEATHER
translated_string      : relative%20obere%20Schwelle%20der%20Aufklingfunktion
stringtable_identifier : stringTableHB_F6_max_increase_factor_lower_limit


.. working on channel 'WEATHER' .. 

 
index                  : 28
parameter id           : AQ_LEVEL
paramset type          : VALUES
paramset id            : HB-UNI-Sensor-AQ-BME680_KF_DEBUG_values
channel                : WEATHER
translated_string      : Luftg%FCtegrad
stringtable_identifier : stringTableHB_F6_AQ_LEVEL


.. working on channel 'WEATHER' .. 

 
index                  : 29
parameter id           : AQ_LOG10
paramset type          : VALUES
paramset id            : HB-UNI-Sensor-AQ-BME680_KF_DEBUG_values
channel                : WEATHER
translated_string      : Luftqualit%E4t%20Log10
stringtable_identifier : stringTableHB_F6_AQ_LOG10


.. working on channel 'WEATHER' .. 

 
index                  : 30
parameter id           : AQ_COMP_GAS_RES_RAW
paramset type          : VALUES
paramset id            : HB-UNI-Sensor-AQ-BME680_KF_DEBUG_values
channel                : WEATHER
translated_string      : T%2FaH%20kompensierter%20Gaswiderstand
stringtable_identifier : stringTableHB_F6_AQ_COMP_GAS_RES_RAW


.. working on channel 'WEATHER' .. 

 
index                  : 31
parameter id           : AQ_COMP_GAS_RES_MIN
paramset type          : VALUES
paramset id            : HB-UNI-Sensor-AQ-BME680_KF_DEBUG_values
channel                : WEATHER
translated_string      : min%20T%2FaH%20kompensierter%20Gaswiderstand
stringtable_identifier : stringTableHB_F6_AQ_COMP_GAS_RES_MIN


.. working on channel 'WEATHER' .. 

 
index                  : 32
parameter id           : AQ_COMP_GAS_RES_MAX
paramset type          : VALUES
paramset id            : HB-UNI-Sensor-AQ-BME680_KF_DEBUG_values
channel                : WEATHER
translated_string      : max%20T%2FaH%20kompensierter%20Gaswiderstand
stringtable_identifier : stringTableHB_F6_AQ_COMP_GAS_RES_MAX


.. working on channel 'WEATHER' .. 

 
index                  : 33
parameter id           : AQ_ALPHA
paramset type          : VALUES
paramset id            : HB-UNI-Sensor-AQ-BME680_KF_DEBUG_values
channel                : WEATHER
translated_string      : Regressionskoeffizient%20alpha%20%28T%29
stringtable_identifier : stringTableHB_F6_AQ_ALPHA


.. working on channel 'WEATHER' .. 

 
index                  : 34
parameter id           : AQ_BETA
paramset type          : VALUES
paramset id            : HB-UNI-Sensor-AQ-BME680_KF_DEBUG_values
channel                : WEATHER
translated_string      : Regressionskoeffizient%20beta%20%28aH%29
stringtable_identifier : stringTableHB_F6_AQ_BETA


.. working on channel 'WEATHER' .. 

 
index                  : 35
parameter id           : OPERATING_VOLTAGE
paramset type          : VALUES
paramset id            : HB-UNI-Sensor-AQ-BME680_KF_DEBUG_values
channel                : WEATHER
translated_string      : Betriebsspannung
stringtable_identifier : stringTableHB_F6_OPERATING_VOLTAGE


.. working on channel 'HB_GENERIC_RADIATION' .. 

 
index                  : 36
parameter id           : HB_ALARM_LEVEL_COUNTS_PER_MEASUREMENT_INTERVAL
paramset type          : MASTER
paramset id            : HB-UNI-Sensor-RAD-AL53_master
channel                : HB_GENERIC_RADIATION
translated_string      : Alarmwert%20Impulsz%E4hler
stringtable_identifier : stringTableHB_F6_HB_ALARM_LEVEL_COUNTS_PER_MEASUREMENT_INTERVAL


.. working on channel 'HB_GENERIC_RADIATION' .. 

 
index                  : 37
parameter id           : HB_ALARM_LEVEL_MOVING_AVERAGE
paramset type          : MASTER
paramset id            : HB-UNI-Sensor-RAD-AL53_master
channel                : HB_GENERIC_RADIATION
translated_string      : Alarmwert%20gleitender%20Mittelwert
stringtable_identifier : stringTableHB_F6_HB_ALARM_LEVEL_MOVING_AVERAGE


.. working on channel 'HB_GENERIC_RADIATION' .. 

 
index                  : 38
parameter id           : HB_ALARM_COUNTS_PER_MEASUREMENT_INTERVAL
paramset type          : VALUES
paramset id            : HB-UNI-Sensor-RAD-AL53_values
channel                : HB_GENERIC_RADIATION
translated_string      : Alarm%20Impulsz%E4hler
stringtable_identifier : stringTableHB_F6_HB_ALARM_COUNTS_PER_MEASUREMENT_INTERVAL


.. working on channel 'HB_GENERIC_RADIATION' .. 

 
index                  : 39
parameter id           : HB_ALARM_MOVING_AVERAGE
paramset type          : VALUES
paramset id            : HB-UNI-Sensor-RAD-AL53_values
channel                : HB_GENERIC_RADIATION
translated_string      : Alarm%20gleitender%20Mittelwert
stringtable_identifier : stringTableHB_F6_HB_ALARM_MOVING_AVERAGE


.. working on channel 'HB_GENERIC_RADIATION' .. 

 
index                  : 40
parameter id           : COUNTS_PER_MEASUREMENT_INTERVAL
paramset type          : VALUES
paramset id            : HB-UNI-Sensor-RAD-AL53_values
channel                : HB_GENERIC_RADIATION
translated_string      : Z%E4hlimpulse%20pro%20Messintervall
stringtable_identifier : stringTableHB_F6_COUNTS_PER_MEASUREMENT_INTERVAL


.. working on channel 'HB_GENERIC_RADIATION' .. 

 
index                  : 41
parameter id           : MOVING_AVERAGE_COUNT
paramset type          : VALUES
paramset id            : HB-UNI-Sensor-RAD-AL53_values
channel                : HB_GENERIC_RADIATION
translated_string      : Gleitender%20Mittelwert%20Z%E4hlimpulse
stringtable_identifier : stringTableHB_F6_MOVING_AVERAGE_COUNT


.. working on channel 'HB_GENERIC_RADIATION' .. 

 
index                  : 42
parameter id           : WIDTH_CONFIDENCE_INTERVALL
paramset type          : VALUES
paramset id            : HB-UNI-Sensor-RAD-AL53_values
channel                : HB_GENERIC_RADIATION
translated_string      : Breite%20Konfidenzintervall
stringtable_identifier : stringTableHB_F6_WIDTH_CONFIDENCE_INTERVALL


.. working on channel 'HB_GENERIC_RADIATION' .. 

 
index                  : 43
parameter id           : MOVING_AVERAGE_COUNT_MAX
paramset type          : VALUES
paramset id            : HB-UNI-Sensor-RAD-AL53_values
channel                : HB_GENERIC_RADIATION
translated_string      : max.%20gleitender%20Mittelwert%20Z%E4hlimpulse
stringtable_identifier : stringTableHB_F6_MOVING_AVERAGE_COUNT_MAX


.. working on channel 'HB_GENERIC_RADIATION' .. 

 
index                  : 44
parameter id           : COUNTS_PER_MEASUREMENT_INTERVAL_MAX
paramset type          : VALUES
paramset id            : HB-UNI-Sensor-RAD-AL53_values
channel                : HB_GENERIC_RADIATION
translated_string      : max.%20Z%E4hlimpulse%20pro%20Messintervall%20
stringtable_identifier : stringTableHB_F6_COUNTS_PER_MEASUREMENT_INTERVAL_MAX


.. working on channel 'HB_GENERIC_RADIATION' .. 

 
index                  : 45
parameter id           : ACCUMULATOR_VOLTAGE
paramset type          : VALUES
paramset id            : HB-UNI-Sensor-RAD-AL53_values
channel                : HB_GENERIC_RADIATION
translated_string      : Akkumulatorbatteriespannung
stringtable_identifier : stringTableHB_F6_ACCUMULATOR_VOLTAGE


.. working on channel 'HB_GENERIC_RADIATION' .. 

 
index                  : 46
parameter id           : AL53_SUPPLY_VOLTAGE
paramset type          : VALUES
paramset id            : HB-UNI-Sensor-RAD-AL53_values
channel                : HB_GENERIC_RADIATION
translated_string      : AL53%20Betriebsspannung%20%28ADC%29
stringtable_identifier : stringTableHB_F6_AL53_SUPPLY_VOLTAGE


.. working on channel 'HB_GENERIC_RADIATION' .. 

 
index                  : 47
parameter id           : OPERATING_VOLTAGE
paramset type          : VALUES
paramset id            : HB-UNI-Sensor-RAD-AL53_values
channel                : HB_GENERIC_RADIATION
translated_string      : Betriebsspannung
stringtable_identifier : stringTableHB_F6_OPERATING_VOLTAGE


.. creating uninstall script 'uninstall_hb-ep-devices-addon' ..



.. working on device 'HB-UNI-SENSOR-TH-SHT75' ..


device name            : HB-UNI-Sensor-TH-SHT75
device description     : Sensor TH
small case device name : hb-uni-sensor-TH-SHT75
XML version            : 0x10
index                  : 0

.. working on device 'HB-UNI-SENSOR-THPD-BME280' ..


device name            : HB-UNI-Sensor-THPD-BME280
device description     : Sensor THPD
small case device name : hb-uni-sensor-THPD-BME280
XML version            : 0x10
index                  : 1

.. working on device 'HB-UNI-SENSOR-RAD-AL53' ..


device name            : HB-UNI-Sensor-RAD-AL53
device description     : Radioaktivitätssensor
small case device name : hb-uni-sensor-RAD-AL53
XML version            : 0x10
index                  : 2

.. working on device 'HB-UNI-SENSOR-CO2-SCD30' ..


device name            : HB-UNI-Sensor-CO2-SCD30
device description     : Sensor Kohlendioxid
small case device name : hb-uni-sensor-CO2-SCD30
XML version            : 0x10
index                  : 3

.. working on device 'HB-UNI-SENSOR-CO2-SCD30-PLUGGED_IN' ..


device name            : HB-UNI-Sensor-CO2-SCD30-PLUGGED_IN
device description     : Sensor Kohlendioxid Netzbetrieb
small case device name : hb-uni-sensor-CO2-SCD30-PLUGGED_IN
XML version            : 0x10
index                  : 4

.. working on device 'HB-UNI-SENSOR-AQ-BME680' ..


device name            : HB-UNI-Sensor-AQ-BME680
device description     : universeller Luftgütesensor
small case device name : hb-uni-sensor-AQ-BME680
XML version            : 0x10
index                  : 5

.. working on device 'HB-UNI-SENSOR-AQ-BME680_KF' ..


device name            : HB-UNI-Sensor-AQ-BME680_KF
device description     : universeller Luftgütesensor mit Kalman Filter
small case device name : hb-uni-sensor-AQ-BME680_KF
XML version            : 0x10
index                  : 6

.. working on device 'HB-UNI-SENSOR-AQ-BME680_KF_DEBUG' ..


device name            : HB-UNI-Sensor-AQ-BME680_KF_DEBUG
device description     : universeller Luftgütesensor mit Kalman Filter (Debug Version)
small case device name : hb-uni-sensor-AQ-BME680_KF_DEBUG
XML version            : 0x10
index                  : 7


.. working on paramset 'MASTER' 'HB-UNI-Sensor-AQ-BME680_KF_DEBUG_dev_master' .. 

 
index                  : 8
parameter id           : TRANSMIT_TIME_INTERVAL
paramset type          : MASTER
paramset id            : HB-UNI-Sensor-AQ-BME680_KF_DEBUG_dev_master
translated_string      : Sendeintervall
stringtable_identifier : stringTableHB_F6_TRANSMIT_TIME_INTERVAL


.. working on paramset 'MASTER' 'HB-UNI-Sensor-AQ-BME680_KF_DEBUG_dev_master' .. 

 
index                  : 9
parameter id           : ALTITUDE_ABOVE_SEA_LEVEL
paramset type          : MASTER
paramset id            : HB-UNI-Sensor-AQ-BME680_KF_DEBUG_dev_master
translated_string      : H%F6he%20%FCber%20NN
stringtable_identifier : stringTableHB_F6_ALTITUDE_ABOVE_SEA_LEVEL


.. working on channel 'WEATHER' .. 

 
index                  : 10
parameter id           : DEWPOINT
paramset type          : VALUES
paramset id            : HB-UNI-Sensor-THPD-BME280_values
channel                : WEATHER
translated_string      : Taupunkttemperatur
stringtable_identifier : stringTableHB_F6_DEWPOINT


.. working on channel 'WEATHER' .. 

 
index                  : 11
parameter id           : VAPOR_CONCENTRATION
paramset type          : VALUES
paramset id            : HB-UNI-Sensor-THPD-BME280_values
channel                : WEATHER
translated_string      : absolute%20Luftfeuchte
stringtable_identifier : stringTableHB_F6_VAPOR_CONCENTRATION


.. working on channel 'WEATHER' .. 

 
index                  : 12
parameter id           : ACCUMULATOR_VOLTAGE
paramset type          : VALUES
paramset id            : HB-UNI-Sensor-CO2-SCD30_values
channel                : WEATHER
translated_string      : Akkumulatorbatteriespannung
stringtable_identifier : stringTableHB_F6_ACCUMULATOR_VOLTAGE


.. working on channel 'WEATHER' .. 

 
index                  : 13
parameter id           : VCC_VOLTAGE
paramset type          : VALUES
paramset id            : HB-UNI-Sensor-CO2-SCD30_values
channel                : WEATHER
translated_string      : VCC%20Spannung
stringtable_identifier : stringTableHB_F6_VCC_VOLTAGE


.. working on channel 'WEATHER' .. 

 
index                  : 14
parameter id           : CO2
paramset type          : VALUES
paramset id            : HB-UNI-Sensor-CO2-SCD30-PLUGGED_IN_values
channel                : WEATHER
translated_string      : CO2%20Konzentration
stringtable_identifier : stringTableHB_F6_CO2


.. working on channel 'WEATHER' .. 

 
index                  : 15
parameter id           : mlr_alpha
paramset type          : MASTER
paramset id            : HB-UNI-Sensor-AQ-BME680_master
channel                : WEATHER
translated_string      : Regressionskoeffizent%20alpha%20%28f%FCr%20Temperatur%29
stringtable_identifier : stringTableHB_F6_mlr_alpha


.. working on channel 'WEATHER' .. 

 
index                  : 16
parameter id           : mlr_beta
paramset type          : MASTER
paramset id            : HB-UNI-Sensor-AQ-BME680_master
channel                : WEATHER
translated_string      : Regressionskoeffizent%20beta%20%28f%FCr%20absolute%20Feuchte%29
stringtable_identifier : stringTableHB_F6_mlr_beta


.. working on channel 'WEATHER' .. 

 
index                  : 17
parameter id           : mlr_delta
paramset type          : MASTER
paramset id            : HB-UNI-Sensor-AQ-BME680_master
channel                : WEATHER
translated_string      : Regressionskoeffizent%20delta%20%28Achsenabschnitt%29
stringtable_identifier : stringTableHB_F6_mlr_delta


.. working on channel 'WEATHER' .. 

 
index                  : 18
parameter id           : AIR_PRESSURE
paramset type          : VALUES
paramset id            : HB-UNI-Sensor-AQ-BME680_KF_values
channel                : WEATHER
translated_string      : Luftdruck
stringtable_identifier : stringTableHB_F6_AIR_PRESSURE


.. working on channel 'WEATHER' .. 

 
index                  : 19
parameter id           : MY_HUMIDITY
paramset type          : VALUES
paramset id            : HB-UNI-Sensor-AQ-BME680_KF_values
channel                : WEATHER
translated_string      : Rel.%20Luftfeuchtigkeit
stringtable_identifier : stringTableHB_F6_MY_HUMIDITY


.. working on channel 'WEATHER' .. 

 
index                  : 20
parameter id           : AQ_GAS_RESISTANCE_RAW
paramset type          : VALUES
paramset id            : HB-UNI-Sensor-AQ-BME680_KF_values
channel                : WEATHER
translated_string      : Gaswiderstand
stringtable_identifier : stringTableHB_F6_AQ_GAS_RESISTANCE_RAW


.. working on channel 'WEATHER' .. 

 
index                  : 21
parameter id           : AQ_GAS_RESISTANCE_MAX
paramset type          : VALUES
paramset id            : HB-UNI-Sensor-AQ-BME680_KF_values
channel                : WEATHER
translated_string      : max%20Gaswiderstand
stringtable_identifier : stringTableHB_F6_AQ_GAS_RESISTANCE_MAX


.. working on channel 'WEATHER' .. 

 
index                  : 22
parameter id           : AQ_GAS_RESISTANCE_MIN
paramset type          : VALUES
paramset id            : HB-UNI-Sensor-AQ-BME680_KF_values
channel                : WEATHER
translated_string      : min%20Gaswiderstand
stringtable_identifier : stringTableHB_F6_AQ_GAS_RESISTANCE_MIN


.. working on channel 'WEATHER' .. 

 
index                  : 23
parameter id           : TemperatureOffset
paramset type          : MASTER
paramset id            : HB-UNI-Sensor-AQ-BME680_KF_DEBUG_master
channel                : WEATHER
translated_string      : Temperaturoffset
stringtable_identifier : stringTableHB_F6_TemperatureOffset


.. working on channel 'WEATHER' .. 

 
index                  : 24
parameter id           : HumidityOffset
paramset type          : MASTER
paramset id            : HB-UNI-Sensor-AQ-BME680_KF_DEBUG_master
channel                : WEATHER
translated_string      : Luftfeuchtigkeitsoffset
stringtable_identifier : stringTableHB_F6_HumidityOffset


.. working on channel 'WEATHER' .. 

 
index                  : 25
parameter id           : PressureOffset
paramset type          : MASTER
paramset id            : HB-UNI-Sensor-AQ-BME680_KF_DEBUG_master
channel                : WEATHER
translated_string      : Luftdruckoffset
stringtable_identifier : stringTableHB_F6_PressureOffset


.. working on channel 'WEATHER' .. 

 
index                  : 26
parameter id           : max_decay_factor_upper_limit
paramset type          : MASTER
paramset id            : HB-UNI-Sensor-AQ-BME680_KF_DEBUG_master
channel                : WEATHER
translated_string      : relative%20untere%20Schwelle%20der%20Abklingfunktion
stringtable_identifier : stringTableHB_F6_max_decay_factor_upper_limit


.. working on channel 'WEATHER' .. 

 
index                  : 27
parameter id           : max_increase_factor_lower_limit
paramset type          : MASTER
paramset id            : HB-UNI-Sensor-AQ-BME680_KF_DEBUG_master
channel                : WEATHER
translated_string      : relative%20obere%20Schwelle%20der%20Aufklingfunktion
stringtable_identifier : stringTableHB_F6_max_increase_factor_lower_limit


.. working on channel 'WEATHER' .. 

 
index                  : 28
parameter id           : AQ_LEVEL
paramset type          : VALUES
paramset id            : HB-UNI-Sensor-AQ-BME680_KF_DEBUG_values
channel                : WEATHER
translated_string      : Luftg%FCtegrad
stringtable_identifier : stringTableHB_F6_AQ_LEVEL


.. working on channel 'WEATHER' .. 

 
index                  : 29
parameter id           : AQ_LOG10
paramset type          : VALUES
paramset id            : HB-UNI-Sensor-AQ-BME680_KF_DEBUG_values
channel                : WEATHER
translated_string      : Luftqualit%E4t%20Log10
stringtable_identifier : stringTableHB_F6_AQ_LOG10


.. working on channel 'WEATHER' .. 

 
index                  : 30
parameter id           : AQ_COMP_GAS_RES_RAW
paramset type          : VALUES
paramset id            : HB-UNI-Sensor-AQ-BME680_KF_DEBUG_values
channel                : WEATHER
translated_string      : T%2FaH%20kompensierter%20Gaswiderstand
stringtable_identifier : stringTableHB_F6_AQ_COMP_GAS_RES_RAW


.. working on channel 'WEATHER' .. 

 
index                  : 31
parameter id           : AQ_COMP_GAS_RES_MIN
paramset type          : VALUES
paramset id            : HB-UNI-Sensor-AQ-BME680_KF_DEBUG_values
channel                : WEATHER
translated_string      : min%20T%2FaH%20kompensierter%20Gaswiderstand
stringtable_identifier : stringTableHB_F6_AQ_COMP_GAS_RES_MIN


.. working on channel 'WEATHER' .. 

 
index                  : 32
parameter id           : AQ_COMP_GAS_RES_MAX
paramset type          : VALUES
paramset id            : HB-UNI-Sensor-AQ-BME680_KF_DEBUG_values
channel                : WEATHER
translated_string      : max%20T%2FaH%20kompensierter%20Gaswiderstand
stringtable_identifier : stringTableHB_F6_AQ_COMP_GAS_RES_MAX


.. working on channel 'WEATHER' .. 

 
index                  : 33
parameter id           : AQ_ALPHA
paramset type          : VALUES
paramset id            : HB-UNI-Sensor-AQ-BME680_KF_DEBUG_values
channel                : WEATHER
translated_string      : Regressionskoeffizient%20alpha%20%28T%29
stringtable_identifier : stringTableHB_F6_AQ_ALPHA


.. working on channel 'WEATHER' .. 

 
index                  : 34
parameter id           : AQ_BETA
paramset type          : VALUES
paramset id            : HB-UNI-Sensor-AQ-BME680_KF_DEBUG_values
channel                : WEATHER
translated_string      : Regressionskoeffizient%20beta%20%28aH%29
stringtable_identifier : stringTableHB_F6_AQ_BETA


.. working on channel 'WEATHER' .. 

 
index                  : 35
parameter id           : OPERATING_VOLTAGE
paramset type          : VALUES
paramset id            : HB-UNI-Sensor-AQ-BME680_KF_DEBUG_values
channel                : WEATHER
translated_string      : Betriebsspannung
stringtable_identifier : stringTableHB_F6_OPERATING_VOLTAGE


.. working on channel 'HB_GENERIC_RADIATION' .. 

 
index                  : 36
parameter id           : HB_ALARM_LEVEL_COUNTS_PER_MEASUREMENT_INTERVAL
paramset type          : MASTER
paramset id            : HB-UNI-Sensor-RAD-AL53_master
channel                : HB_GENERIC_RADIATION
translated_string      : Alarmwert%20Impulsz%E4hler
stringtable_identifier : stringTableHB_F6_HB_ALARM_LEVEL_COUNTS_PER_MEASUREMENT_INTERVAL


.. working on channel 'HB_GENERIC_RADIATION' .. 

 
index                  : 37
parameter id           : HB_ALARM_LEVEL_MOVING_AVERAGE
paramset type          : MASTER
paramset id            : HB-UNI-Sensor-RAD-AL53_master
channel                : HB_GENERIC_RADIATION
translated_string      : Alarmwert%20gleitender%20Mittelwert
stringtable_identifier : stringTableHB_F6_HB_ALARM_LEVEL_MOVING_AVERAGE


.. working on channel 'HB_GENERIC_RADIATION' .. 

 
index                  : 38
parameter id           : HB_ALARM_COUNTS_PER_MEASUREMENT_INTERVAL
paramset type          : VALUES
paramset id            : HB-UNI-Sensor-RAD-AL53_values
channel                : HB_GENERIC_RADIATION
translated_string      : Alarm%20Impulsz%E4hler
stringtable_identifier : stringTableHB_F6_HB_ALARM_COUNTS_PER_MEASUREMENT_INTERVAL


.. working on channel 'HB_GENERIC_RADIATION' .. 

 
index                  : 39
parameter id           : HB_ALARM_MOVING_AVERAGE
paramset type          : VALUES
paramset id            : HB-UNI-Sensor-RAD-AL53_values
channel                : HB_GENERIC_RADIATION
translated_string      : Alarm%20gleitender%20Mittelwert
stringtable_identifier : stringTableHB_F6_HB_ALARM_MOVING_AVERAGE


.. working on channel 'HB_GENERIC_RADIATION' .. 

 
index                  : 40
parameter id           : COUNTS_PER_MEASUREMENT_INTERVAL
paramset type          : VALUES
paramset id            : HB-UNI-Sensor-RAD-AL53_values
channel                : HB_GENERIC_RADIATION
translated_string      : Z%E4hlimpulse%20pro%20Messintervall
stringtable_identifier : stringTableHB_F6_COUNTS_PER_MEASUREMENT_INTERVAL


.. working on channel 'HB_GENERIC_RADIATION' .. 

 
index                  : 41
parameter id           : MOVING_AVERAGE_COUNT
paramset type          : VALUES
paramset id            : HB-UNI-Sensor-RAD-AL53_values
channel                : HB_GENERIC_RADIATION
translated_string      : Gleitender%20Mittelwert%20Z%E4hlimpulse
stringtable_identifier : stringTableHB_F6_MOVING_AVERAGE_COUNT


.. working on channel 'HB_GENERIC_RADIATION' .. 

 
index                  : 42
parameter id           : WIDTH_CONFIDENCE_INTERVALL
paramset type          : VALUES
paramset id            : HB-UNI-Sensor-RAD-AL53_values
channel                : HB_GENERIC_RADIATION
translated_string      : Breite%20Konfidenzintervall
stringtable_identifier : stringTableHB_F6_WIDTH_CONFIDENCE_INTERVALL


.. working on channel 'HB_GENERIC_RADIATION' .. 

 
index                  : 43
parameter id           : MOVING_AVERAGE_COUNT_MAX
paramset type          : VALUES
paramset id            : HB-UNI-Sensor-RAD-AL53_values
channel                : HB_GENERIC_RADIATION
translated_string      : max.%20gleitender%20Mittelwert%20Z%E4hlimpulse
stringtable_identifier : stringTableHB_F6_MOVING_AVERAGE_COUNT_MAX


.. working on channel 'HB_GENERIC_RADIATION' .. 

 
index                  : 44
parameter id           : COUNTS_PER_MEASUREMENT_INTERVAL_MAX
paramset type          : VALUES
paramset id            : HB-UNI-Sensor-RAD-AL53_values
channel                : HB_GENERIC_RADIATION
translated_string      : max.%20Z%E4hlimpulse%20pro%20Messintervall%20
stringtable_identifier : stringTableHB_F6_COUNTS_PER_MEASUREMENT_INTERVAL_MAX


.. working on channel 'HB_GENERIC_RADIATION' .. 

 
index                  : 45
parameter id           : ACCUMULATOR_VOLTAGE
paramset type          : VALUES
paramset id            : HB-UNI-Sensor-RAD-AL53_values
channel                : HB_GENERIC_RADIATION
translated_string      : Akkumulatorbatteriespannung
stringtable_identifier : stringTableHB_F6_ACCUMULATOR_VOLTAGE


.. working on channel 'HB_GENERIC_RADIATION' .. 

 
index                  : 46
parameter id           : AL53_SUPPLY_VOLTAGE
paramset type          : VALUES
paramset id            : HB-UNI-Sensor-RAD-AL53_values
channel                : HB_GENERIC_RADIATION
translated_string      : AL53%20Betriebsspannung%20%28ADC%29
stringtable_identifier : stringTableHB_F6_AL53_SUPPLY_VOLTAGE


.. working on channel 'HB_GENERIC_RADIATION' .. 

 
index                  : 47
parameter id           : OPERATING_VOLTAGE
paramset type          : VALUES
paramset id            : HB-UNI-Sensor-RAD-AL53_values
channel                : HB_GENERIC_RADIATION
translated_string      : Betriebsspannung
stringtable_identifier : stringTableHB_F6_OPERATING_VOLTAGE


.. created install script 'install_hb-ep-devices-addon'
.. created uninstall script 'uninstall_hb-ep-devices-addon'


finished 'AsksinPP addon script generator 0.95'


make_all.bsh Version 0.11 done

