12:44:05.666 -> AskSin++ v5.0.0 (Feb  1 2022 12:43:37)
12:44:05.765 -> BME280 sensor OK
12:44:05.765 -> BME280 offsets (all x10):
12:44:05.765 -> -P    : 0
12:44:05.798 -> SHT85 sensor OK
12:44:05.798 -> SHT85 offsets (all x10):
12:44:05.798 -> -T    : 0
12:44:05.798 -> -H    : 0
12:44:05.798 -> clearing circular buffer of size 360
12:44:05.832 -> clearing circular buffer of size 2520
12:44:05.832 -> Sensor setup done
12:44:05.832 -> Serial: SHT85THPD1
12:44:05.832 -> Clock SYSCLOCK
12:44:05.832 -> SYSCLOCK correction factor                                                               : 0.9239999771
12:44:05.865 -> Address Space: 32 - 76
12:44:05.865 -> CC init1
12:44:05.865 -> CC Version: 14
12:44:05.898 ->  - ready
12:44:05.931 -> tmBattery Voltage: 3342
12:44:05.931 -> Battery set low:  26
12:44:05.965 -> Battery set crit: 23
12:44:05.965 -> Config Freq: 0x21656A
12:44:05.965 -> Config Changed: List0
12:44:05.965 -> ledMode: 1
12:44:05.965 -> lowBatLimit: 26
12:44:05.965 -> Battery set low:  26
12:44:05.998 -> transmitDevTryMax: 6
12:44:05.998 -> updCycle: 240
12:44:05.998 -> altitude: 84
12:44:05.998 -> txPower: 4
12:44:05.998 -> * Config Changed         : List1
12:44:05.998 -> * Temperature Offset x10 : 0
12:44:06.031 -> * Humidity Offset x10    : 0
12:44:06.031 -> * Pressure Offset x10    : 0
12:44:06.031 -> BME280 sensor OK
12:44:06.031 -> BME280 offsets (all x10):
12:44:06.064 -> -P    : 0
12:44:06.064 -> SHT85 sensor OK
12:44:06.097 -> SHT85 offsets (all x10):
12:44:06.097 -> -T    : 0
12:44:06.097 -> -H    : 0
12:44:06.097 -> clearing circular buffer of size 360
12:44:06.097 -> clearing circular buffer of size 2520
12:44:12.057 -> SHT85 and BME280 (all x10 except vapour x100):
12:44:12.057 -> SHT85  -T    : 211
12:44:12.104 -> BME280 -P    : 10056
12:44:12.104 -> BME280 -P(NN): 10154
12:44:12.104 -> SHT85  -H    : 469
12:44:12.104 -> SHT85  -DP   : 93
12:44:12.104 -> SHT85  -aH   : 862
12:44:12.104 -> 24h MA -T    : 6
12:44:12.104 -> 7D MA  -T    : 1
12:44:12.104 -> T/H/P/D/V (x10, aH x100) = 211/469/10154/93/862 
12:44:12.129 -> MA T (x100) = 6/1 
12:44:12.157 -> tmBattery Voltage: 3352
12:44:12.157 -> battery voltage x1000 = 3352
12:44:12.157 -> msg T/H/P/D/V/O (x10, ah x100, MA x100) = 211/469/10154/93/862/3352/6/1 
12:44:12.194 -> msgcnt    : 1
12:44:12.227 -> <- 19 01 84 70 F60405 000000 00 D3 01 D5 27 AA 00 5D 03 5E 0D 18 00 06 00 01  - 704
12:46:27.604 ->  debounce
12:46:27.703 ->  pressed
12:46:28.035 ->  released
12:46:28.069 -> <- 1A 02 84 00 F60405 000000 11 F6 09 53 48 54 38 35 54 48 50 44 31 70 01 01 01  - 786
12:46:28.102 -> 
12:46:28.268 -> -> 10 01 A0 01 123456 F60405 00 05 00 00 00 00 00  - 978
12:46:28.401 -> <- 0A 01 80 02 F60405 123456 00  - 1097
12:46:28.434 -> -> 13 0A A0 01 123456 F60405 00 08 02 01 0A 19 0B 57 0C 4D  - 1136
12:46:28.568 -> <- 0A 0A 80 02 F60405 123456 00  - 1257
12:46:28.568 -> -> 0B 13 A0 01 123456 F60405 00 06  - 1286
12:46:28.607 -> Config Changed: List0
12:46:28.607 -> ledMode: 1
12:46:28.607 -> lowBatLimit: 26
12:46:28.607 -> Battery set low:  26
12:46:28.607 -> transmitDevTryMax: 6
12:46:28.607 -> updCycle: 240
12:46:28.607 -> altitude: 84
12:46:28.607 -> txPower: 4
12:46:28.700 -> <- 0A 13 82 02 F60405 123456 00  - 1406
12:46:28.733 -> -> 10 1C A0 01 123456 F60405 00 04 00 00 00 00 00  - 1445
12:46:28.866 -> <- 1A 1C A0 10 F60405 123456 02 0A 19 0B 57 0C 4D 05 40 12 1A 14 06 20 00 21 F0  - 1583
12:46:29.032 -> -> 10 1C A0 01 123456 F60405 00 04 00 00 00 00 00  - 1730
12:46:29.032 -> waitAck: 00
12:46:29.065 -> <- 1A 1C A0 10 F60405 123456 02 0A 19 0B 57 0C 4D 05 40 12 1A 14 06 20 00 21 F0  - 1775
12:46:29.165 -> -> 0A 1C 80 02 123456 F60405 00  - 1890
12:46:29.198 -> waitAck: 01
12:46:29.232 -> <- 12 1C 80 10 F60405 123456 02 22 00 23 54 24 04 00 00  - 1929
12:46:29.265 -> -> 10 25 A0 01 123456 F60405 01 04 00 00 00 00 01  - 1964
12:46:29.398 -> <- 12 25 80 10 F60405 123456 02 01 00 02 00 03 00 00 00  - 2095
12:46:29.431 -> -> 0B 2E A0 01 123456 F60405 01 03  - 2125
12:46:29.531 -> <- 0E 2E 80 10 F60405 123456 01 00 00 00 00  - 2250
12:46:34.353 -> ignore 0F 1B 86 5E 4D1660 000000 40 73 B5 00 43 30  - 7043
12:46:39.443 -> ignore 0F A0 86 10 610D12 000000 0A A8 E2 0E 00 00  - 12165
12:46:39.842 -> ignore 0C 69 86 70 2C7878 000000 00 DD 28  - 12544
12:46:46.635 -> ignore 0C A0 86 70 2C79C1 000000 00 F0 23  - 19343
12:48:09.431 -> SHT85 and BME280 (all x10 except vapour x100):
12:48:09.431 -> SHT85  -T    : 211
12:48:09.431 -> BME280 -P    : 10056
12:48:09.431 -> BME280 -P(NN): 10154
12:48:09.464 -> SHT85  -H    : 430
12:48:09.464 -> SHT85  -DP   : 81
12:48:09.464 -> SHT85  -aH   : 793
12:48:09.464 -> 24h MA -T    : 12
12:48:09.464 -> 7D MA  -T    : 2
12:48:09.464 -> T/H/P/D/V (x10, aH x100) = 211/430/10154/81/793 
12:48:09.497 -> MA T (x100) = 12/2 
12:48:09.530 -> tmBattery Voltage: 3382
12:48:09.530 -> battery voltage x1000 = 3382
12:48:09.530 -> msg T/H/P/D/V/O (x10, ah x100, MA x100) = 211/430/10154/81/793/3382/12/2 
12:48:09.563 -> msgcnt    : 3
12:48:09.563 -> <- 19 03 84 70 F60405 000000 00 D3 01 AE 27 AA 00 51 03 19 0D 36 00 0C 00 02  - 20996
12:50:56.735 ->  debounce
12:50:56.834 ->  pressed
12:50:57.000 ->  released
12:50:57.033 -> <- 1A 04 80 00 F60405 123456 11 F6 09 53 48 54 38 35 54 48 50 44 31 70 01 01 01  - 21078
12:50:57.066 -> 
12:50:57.166 -> -> 0A 04 81 02 123456 F60405 00  - 21190
12:50:57.199 -> -> 10 0D A0 01 123456 F60405 00 05 00 00 00 00 00  - 21221
12:50:57.299 -> <- 0A 0D 80 02 F60405 123456 00  - 21336
12:50:57.332 -> -> 0D 16 A0 01 123456 F60405 00 08 24 05  - 21368
12:50:57.432 -> <- 0A 16 80 02 F60405 123456 00  - 21487
12:50:57.465 -> -> 0B 1F A0 01 123456 F60405 00 06  - 21516
12:50:57.498 -> Config Changed: List0
12:50:57.498 -> ledMode: 1
12:50:57.498 -> lowBatLimit: 26
12:50:57.498 -> Battery set low:  26
12:50:57.498 -> transmitDevTryMax: 6
12:50:57.498 -> updCycle: 240
12:50:57.531 -> altitude: 84
12:50:57.531 -> txPower: 5
12:50:57.598 -> <- 0A 1F 82 02 F60405 123456 00  - 21637
12:51:03.494 -> ignore 0F 35 86 10 610CE4 000000 0A A0 D3 0E 07 00  - 27541
12:51:06.356 -> -> 10 28 A0 01 123456 F60405 00 05 00 00 00 00 00  - 30402
12:51:06.490 -> <- 0A 28 80 02 F60405 123456 00  - 30527
12:51:06.522 -> -> 0D 31 A0 01 123456 F60405 00 08 24 04  - 30558
12:51:06.622 -> <- 0A 31 80 02 F60405 123456 00  - 30676
12:51:06.656 -> -> 0B 3A A0 01 123456 F60405 00 06  - 30705
12:51:06.694 -> Config Changed: List0
12:51:06.694 -> ledMode: 1
12:51:06.694 -> lowBatLimit: 26
12:51:06.694 -> Battery set low:  26
12:51:06.694 -> transmitDevTryMax: 6
12:51:06.694 -> updCycle: 240
12:51:06.694 -> altitude: 84
12:51:06.734 -> txPower: 4
12:51:06.789 -> <- 0A 3A 82 02 F60405 123456 00  - 30826
12:51:11.284 -> ignore 1A 09 84 70 F60702 000000 00 F1 50 02 6F 3A C1 22 5B 3E 85 FA 52 F7 A7 0B 94  - 35317
12:51:51.752 ->  debounce
12:51:51.851 ->  pressed
12:51:51.985 ->  released
12:51:52.018 -> <- 1A 05 80 00 F60405 123456 11 F6 09 53 48 54 38 35 54 48 50 44 31 70 01 01 01  - 41127
12:51:52.051 -> 
12:51:52.151 -> -> 0A 05 81 02 123456 F60405 00  - 41240
12:51:52.184 -> -> 10 0E A0 01 123456 F60405 00 05 00 00 00 00 00  - 41271
12:51:52.283 -> <- 0A 0E 80 02 F60405 123456 00  - 41388
12:51:52.316 -> -> 0D 17 A0 01 123456 F60405 00 08 05 00  - 41418
12:51:52.449 -> <- 0A 17 80 02 F60405 123456 00  - 41537
12:51:52.482 -> -> 0B 20 A0 01 123456 F60405 00 06  - 41566
12:51:52.482 -> Config Changed: List0
12:51:52.482 -> ledMode: 0
12:51:52.482 -> lowBatLimit: 26
12:51:52.515 -> Battery set low:  26
12:51:52.515 -> transmitDevTryMax: 6
12:51:52.515 -> updCycle: 240
12:51:52.515 -> altitude: 84
12:51:52.515 -> txPower: 4
12:51:52.581 -> <- 0A 20 82 02 F60405 123456 00  - 41687
12:51:53.844 -> ignore 0C 6B 86 70 2C7878 000000 00 DD 28  - 42940
12:51:57.999 -> ignore 12 12 00 83 5AE66D F00001 00 00 CB 3F 44 9E CF 29 66  - 47097
12:52:00.628 -> ignore 11 12 84 70 F60301 000000 01 12 00 F0 0C DD 00 72  - 49729
12:52:07.584 -> SHT85 and BME280 (all x10 except vapour x100):
12:52:07.617 -> SHT85  -T    : 219
12:52:07.617 -> BME280 -P    : 10056
12:52:07.617 -> BME280 -P(NN): 10154
12:52:07.617 -> SHT85  -H    : 421
12:52:07.650 -> SHT85  -DP   : 84
12:52:07.650 -> SHT85  -aH   : 811
12:52:07.650 -> 24h MA -T    : 18
12:52:07.650 -> 7D MA  -T    : 3
12:52:07.650 -> T/H/P/D/V (x10, aH x100) = 219/421/10154/84/811 
12:52:07.650 -> MA T (x100) = 18/3 
12:52:07.684 -> tmBattery Voltage: 3392
12:52:07.684 -> battery voltage x1000 = 3392
12:52:07.717 -> msg T/H/P/D/V/O (x10, ah x100, MA x100) = 219/421/10154/84/811/3392/18/3 
12:52:07.717 -> msgcnt    : 6
12:52:07.750 -> <- 19 06 84 70 F60405 000000 00 DB 01 A5 27 AA 00 54 03 2B 0D 40 00 12 00 03  - 56846
